<?xml version="1.0" encoding="UTF-8"?>
<!-- Generated by org.testng.reporters.JUnitXMLReporter -->
<testsuite ignored="2" hostname="Krishna" failures="0" tests="3" name="Smoke and Regression Tests" time="4.467" errors="0" timestamp="2026-06-30T02:05:16 IST">
  <testcase classname="com.eqvs.tests.LoginTests" name="validUserCanLogin" time="0.358"/>
  <testcase classname="com.eqvs.tests.ReportsTests" name="managerCanGenerateReport" time="0.57"/>
  <testcase classname="com.eqvs.tests.UserManagementTests" name="adminCanCreateUser" time="0.683"/>
  <testcase classname="com.eqvs.tests.ReportsTests" name="invalidDateRangeShowsValidationError" time="0.0">
    <ignored/>
  </testcase> <!-- invalidDateRangeShowsValidationError -->
  <testcase classname="com.eqvs.tests.LoginTests" name="invalidPasswordShowsSecureError" time="0.0">
    <ignored/>
  </testcase> <!-- invalidPasswordShowsSecureError -->
</testsuite> <!-- Smoke and Regression Tests -->
